
======== GPU REPORT ========

==============NVSMI LOG==============

Timestamp                                 : Sat Dec 13 22:56:50 2025
Driver Version                            : 580.95.05
CUDA Version                              : 13.0

Attached GPUs                             : 4
GPU 00000000:01:00.0
    Accounting Mode                       : Enabled
    Accounting Mode Buffer Size           : 4000
    Accounted Processes
        Process ID                        : 2994107
            GPU Utilization               : 26 %
            Memory Utilization            : 0 %
            Max memory usage              : 606 MiB
            Time                          : 0 ms
            Is Running                    : 1

GPU 00000000:41:00.0
    Accounting Mode                       : Enabled
    Accounting Mode Buffer Size           : 4000
    Accounted Processes
        Process ID                        : 2994108
            GPU Utilization               : 23 %
            Memory Utilization            : 0 %
            Max memory usage              : 606 MiB
            Time                          : 0 ms
            Is Running                    : 1

GPU 00000000:81:00.0
    Accounting Mode                       : Enabled
    Accounting Mode Buffer Size           : 4000
    Accounted Processes
        Process ID                        : 2994109
            GPU Utilization               : 24 %
            Memory Utilization            : 1 %
            Max memory usage              : 628 MiB
            Time                          : 0 ms
            Is Running                    : 1

GPU 00000000:C1:00.0
    Accounting Mode                       : Enabled
    Accounting Mode Buffer Size           : 4000
    Accounted Processes
        Process ID                        : 2994110
            GPU Utilization               : 24 %
            Memory Utilization            : 1 %
            Max memory usage              : 628 MiB
            Time                          : 0 ms
            Is Running                    : 1

Sat Dec 13 22:56:50 2025       
+-----------------------------------------------------------------------------------------+
| NVIDIA-SMI 580.95.05              Driver Version: 580.95.05      CUDA Version: 13.0     |
+-----------------------------------------+------------------------+----------------------+
| GPU  Name                 Persistence-M | Bus-Id          Disp.A | Volatile Uncorr. ECC |
| Fan  Temp   Perf          Pwr:Usage/Cap |           Memory-Usage | GPU-Util  Compute M. |
|                                         |                        |               MIG M. |
|=========================================+========================+======================|
|   0  NVIDIA A100-SXM4-80GB          On  |   00000000:01:00.0 Off |                    0 |
| N/A   31C    P0             96W /  500W |     614MiB /  81920MiB |     26%      Default |
|                                         |                        |             Disabled |
+-----------------------------------------+------------------------+----------------------+
|   1  NVIDIA A100-SXM4-80GB          On  |   00000000:41:00.0 Off |                    0 |
| N/A   29C    P0             99W /  500W |     614MiB /  81920MiB |     25%      Default |
|                                         |                        |             Disabled |
+-----------------------------------------+------------------------+----------------------+
|   2  NVIDIA A100-SXM4-80GB          On  |   00000000:81:00.0 Off |                    0 |
| N/A   31C    P0             98W /  500W |     636MiB /  81920MiB |     22%      Default |
|                                         |                        |             Disabled |
+-----------------------------------------+------------------------+----------------------+
|   3  NVIDIA A100-SXM4-80GB          On  |   00000000:C1:00.0 Off |                    0 |
| N/A   29C    P0             98W /  500W |     636MiB /  81920MiB |     25%      Default |
|                                         |                        |             Disabled |
+-----------------------------------------+------------------------+----------------------+

+-----------------------------------------------------------------------------------------+
| Processes:                                                                              |
|  GPU   GI   CI              PID   Type   Process name                        GPU Memory |
|        ID   ID                                                               Usage      |
|=========================================================================================|
|    0   N/A  N/A         2994107      C   python                                  606MiB |
|    1   N/A  N/A         2994108      C   python                                  606MiB |
|    2   N/A  N/A         2994109      C   python                                  628MiB |
|    3   N/A  N/A         2994110      C   python                                  628MiB |
+-----------------------------------------------------------------------------------------+
