[=== Module anaconda/3 loaded ===]
/network/scratch/b/baldelld/RL/venv/lib/python3.11/site-packages/tyro/_parsers.py:353: UserWarning: The field `wandb-entity` is annotated with type `<class 'str'>`, but the default value `None` has type `<class 'NoneType'>`. We'll try to handle this gracefully, but it may cause unexpected behavior.
  warnings.warn(message)
/network/scratch/b/baldelld/RL/venv/lib/python3.11/site-packages/tyro/_parsers.py:353: UserWarning: The field `wandb-entity` is annotated with type `<class 'str'>`, but the default value `None` has type `<class 'NoneType'>`. We'll try to handle this gracefully, but it may cause unexpected behavior.
  warnings.warn(message)
/network/scratch/b/baldelld/RL/venv/lib/python3.11/site-packages/tyro/_parsers.py:353: UserWarning: The field `wandb-entity` is annotated with type `<class 'str'>`, but the default value `None` has type `<class 'NoneType'>`. We'll try to handle this gracefully, but it may cause unexpected behavior.
  warnings.warn(message)
/network/scratch/b/baldelld/RL/venv/lib/python3.11/site-packages/tyro/_parsers.py:353: UserWarning: The field `wandb-entity` is annotated with type `<class 'str'>`, but the default value `None` has type `<class 'NoneType'>`. We'll try to handle this gracefully, but it may cause unexpected behavior.
  warnings.warn(message)
wandb: Currently logged in as: dundalia (sarath-chandar) to https://api.wandb.ai. Use `wandb login --relogin` to force relogin
wandb: Currently logged in as: dundalia (sarath-chandar) to https://api.wandb.ai. Use `wandb login --relogin` to force relogin
wandb: Currently logged in as: dundalia (sarath-chandar) to https://api.wandb.ai. Use `wandb login --relogin` to force relogin
wandb: Currently logged in as: dundalia (sarath-chandar) to https://api.wandb.ai. Use `wandb login --relogin` to force relogin
wandb: setting up run 2xt5vil1
wandb: setting up run 3zys9vzp
wandb: setting up run 2rgc9dng
wandb: setting up run 91hzfjxb
wandb: Tracking run with wandb version 0.22.3
wandb: Run data is saved locally in /network/scratch/b/baldelld/RL/CF-DQN/wandb/run-20251214_045811-2xt5vil1
wandb: Run `wandb offline` to turn off syncing.
wandb: Syncing run QbertNoFrameskip-v4__cf_dqn_freq32_max2_seed1__1__1765706285
wandb: ⭐️ View project at https://wandb.ai/sarath-chandar/CF-DQN-Qbert
wandb: 🚀 View run at https://wandb.ai/sarath-chandar/CF-DQN-Qbert/runs/2xt5vil1
A.L.E: Arcade Learning Environment (version 0.8.1+53f58b7)
[Powered by Stella]
wandb: Tracking run with wandb version 0.22.3
wandb: Run data is saved locally in /network/scratch/b/baldelld/RL/CF-DQN/wandb/run-20251214_045811-2rgc9dng
wandb: Run `wandb offline` to turn off syncing.
wandb: Syncing run QbertNoFrameskip-v4__cf_dqn_freq64_max5_seed1__1__1765706285
wandb: ⭐️ View project at https://wandb.ai/sarath-chandar/CF-DQN-Qbert
wandb: 🚀 View run at https://wandb.ai/sarath-chandar/CF-DQN-Qbert/runs/2rgc9dng
wandb: Tracking run with wandb version 0.22.3
wandb: Run data is saved locally in /network/scratch/b/baldelld/RL/CF-DQN/wandb/run-20251214_045811-3zys9vzp
wandb: Run `wandb offline` to turn off syncing.
wandb: Syncing run QbertNoFrameskip-v4__cf_dqn_freq32_max5_seed1__1__1765706285
wandb: ⭐️ View project at https://wandb.ai/sarath-chandar/CF-DQN-Qbert
wandb: 🚀 View run at https://wandb.ai/sarath-chandar/CF-DQN-Qbert/runs/3zys9vzp
wandb: Tracking run with wandb version 0.22.3
wandb: Run data is saved locally in /network/scratch/b/baldelld/RL/CF-DQN/wandb/run-20251214_045811-91hzfjxb
wandb: Run `wandb offline` to turn off syncing.
wandb: Syncing run QbertNoFrameskip-v4__cf_dqn_freq64_max2_seed1__1__1765706285
wandb: ⭐️ View project at https://wandb.ai/sarath-chandar/CF-DQN-Qbert
wandb: 🚀 View run at https://wandb.ai/sarath-chandar/CF-DQN-Qbert/runs/91hzfjxb
A.L.E: Arcade Learning Environment (version 0.8.1+53f58b7)
[Powered by Stella]
wandb: 409 encountered ({"errors":[{"message":"project may already be created, please retry","path":["upsertBucket"]}],"data":{"upsertBucket":null}}), retrying request
A.L.E: Arcade Learning Environment (version 0.8.1+53f58b7)
[Powered by Stella]
wandb: 409 encountered ({"errors":[{"message":"project may already be created, please retry","path":["upsertBucket"]}],"data":{"upsertBucket":null}}), retrying request
A.L.E: Arcade Learning Environment (version 0.8.1+53f58b7)
[Powered by Stella]
wandb: 409 encountered ({"errors":[{"message":"project may already be created, please retry","path":["upsertBucket"]}],"data":{"upsertBucket":null}}), retrying request
[2025-12-14T07:58:23.009] error: *** JOB 8292944 ON cn-g003 CANCELLED AT 2025-12-14T07:58:23 DUE TO TIME LIMIT ***
