[=== Module anaconda/3 loaded ===]
/network/scratch/b/baldelld/RL/venv/lib/python3.11/site-packages/tyro/_parsers.py:353: UserWarning: The field `wandb-entity` is annotated with type `<class 'str'>`, but the default value `None` has type `<class 'NoneType'>`. We'll try to handle this gracefully, but it may cause unexpected behavior.
  warnings.warn(message)
/network/scratch/b/baldelld/RL/venv/lib/python3.11/site-packages/tyro/_parsers.py:353: UserWarning: The field `wandb-entity` is annotated with type `<class 'str'>`, but the default value `None` has type `<class 'NoneType'>`. We'll try to handle this gracefully, but it may cause unexpected behavior.
  warnings.warn(message)
/network/scratch/b/baldelld/RL/venv/lib/python3.11/site-packages/tyro/_parsers.py:353: UserWarning: The field `wandb-entity` is annotated with type `<class 'str'>`, but the default value `None` has type `<class 'NoneType'>`. We'll try to handle this gracefully, but it may cause unexpected behavior.
  warnings.warn(message)
/network/scratch/b/baldelld/RL/venv/lib/python3.11/site-packages/tyro/_parsers.py:353: UserWarning: The field `wandb-entity` is annotated with type `<class 'str'>`, but the default value `None` has type `<class 'NoneType'>`. We'll try to handle this gracefully, but it may cause unexpected behavior.
  warnings.warn(message)
wandb: Currently logged in as: dundalia (sarath-chandar) to https://api.wandb.ai. Use `wandb login --relogin` to force relogin
wandb: Currently logged in as: dundalia (sarath-chandar) to https://api.wandb.ai. Use `wandb login --relogin` to force relogin
wandb: Currently logged in as: dundalia (sarath-chandar) to https://api.wandb.ai. Use `wandb login --relogin` to force relogin
wandb: Currently logged in as: dundalia (sarath-chandar) to https://api.wandb.ai. Use `wandb login --relogin` to force relogin
wandb: setting up run 3g0wu8fp
wandb: setting up run nxiat7tp
wandb: setting up run oba4p61c
wandb: Tracking run with wandb version 0.22.3
wandb: Run data is saved locally in /network/scratch/b/baldelld/RL/CF-DQN/wandb/run-20251214_105913-ybhgwjft
wandb: Run `wandb offline` to turn off syncing.
wandb: Syncing run QbertNoFrameskip-v4__cf_dqn_freq64_max2_seed3__3__1765727946
wandb: ⭐️ View project at https://wandb.ai/sarath-chandar/CF-DQN-Qbert
wandb: 🚀 View run at https://wandb.ai/sarath-chandar/CF-DQN-Qbert/runs/ybhgwjft
wandb: Tracking run with wandb version 0.22.3
wandb: Run data is saved locally in /network/scratch/b/baldelld/RL/CF-DQN/wandb/run-20251214_105913-oba4p61c
wandb: Run `wandb offline` to turn off syncing.
wandb: Syncing run QbertNoFrameskip-v4__cf_dqn_freq64_max5_seed3__3__1765727946
wandb: ⭐️ View project at https://wandb.ai/sarath-chandar/CF-DQN-Qbert
wandb: 🚀 View run at https://wandb.ai/sarath-chandar/CF-DQN-Qbert/runs/oba4p61c
wandb: Tracking run with wandb version 0.22.3
wandb: Run data is saved locally in /network/scratch/b/baldelld/RL/CF-DQN/wandb/run-20251214_105913-3g0wu8fp
wandb: Run `wandb offline` to turn off syncing.
wandb: Syncing run QbertNoFrameskip-v4__cf_dqn_freq32_max5_seed3__3__1765727946
wandb: ⭐️ View project at https://wandb.ai/sarath-chandar/CF-DQN-Qbert
wandb: 🚀 View run at https://wandb.ai/sarath-chandar/CF-DQN-Qbert/runs/3g0wu8fp
wandb: Tracking run with wandb version 0.22.3
wandb: Run data is saved locally in /network/scratch/b/baldelld/RL/CF-DQN/wandb/run-20251214_105913-nxiat7tp
wandb: Run `wandb offline` to turn off syncing.
wandb: Syncing run QbertNoFrameskip-v4__cf_dqn_freq32_max2_seed3__3__1765727946
wandb: ⭐️ View project at https://wandb.ai/sarath-chandar/CF-DQN-Qbert
wandb: 🚀 View run at https://wandb.ai/sarath-chandar/CF-DQN-Qbert/runs/nxiat7tp
A.L.E: Arcade Learning Environment (version 0.8.1+53f58b7)
[Powered by Stella]
A.L.E: Arcade Learning Environment (version 0.8.1+53f58b7)
[Powered by Stella]
A.L.E: Arcade Learning Environment (version 0.8.1+53f58b7)
[Powered by Stella]
A.L.E: Arcade Learning Environment (version 0.8.1+53f58b7)
[Powered by Stella]
[2025-12-14T13:58:57.014] error: *** JOB 8292946 ON cn-g003 CANCELLED AT 2025-12-14T13:58:57 DUE TO TIME LIMIT ***
