[=== Module anaconda/3 loaded ===]
/network/scratch/b/baldelld/RL/venv/lib/python3.11/site-packages/tyro/_parsers.py:353: UserWarning: The field `wandb-entity` is annotated with type `<class 'str'>`, but the default value `None` has type `<class 'NoneType'>`. We'll try to handle this gracefully, but it may cause unexpected behavior.
  warnings.warn(message)
/network/scratch/b/baldelld/RL/venv/lib/python3.11/site-packages/tyro/_parsers.py:353: UserWarning: The field `wandb-entity` is annotated with type `<class 'str'>`, but the default value `None` has type `<class 'NoneType'>`. We'll try to handle this gracefully, but it may cause unexpected behavior.
  warnings.warn(message)
/network/scratch/b/baldelld/RL/venv/lib/python3.11/site-packages/tyro/_parsers.py:353: UserWarning: The field `wandb-entity` is annotated with type `<class 'str'>`, but the default value `None` has type `<class 'NoneType'>`. We'll try to handle this gracefully, but it may cause unexpected behavior.
  warnings.warn(message)
/network/scratch/b/baldelld/RL/venv/lib/python3.11/site-packages/tyro/_parsers.py:353: UserWarning: The field `wandb-entity` is annotated with type `<class 'str'>`, but the default value `None` has type `<class 'NoneType'>`. We'll try to handle this gracefully, but it may cause unexpected behavior.
  warnings.warn(message)
wandb: Currently logged in as: dundalia (sarath-chandar) to https://api.wandb.ai. Use `wandb login --relogin` to force relogin
wandb: Currently logged in as: dundalia (sarath-chandar) to https://api.wandb.ai. Use `wandb login --relogin` to force relogin
wandb: Currently logged in as: dundalia (sarath-chandar) to https://api.wandb.ai. Use `wandb login --relogin` to force relogin
wandb: Currently logged in as: dundalia (sarath-chandar) to https://api.wandb.ai. Use `wandb login --relogin` to force relogin
wandb: setting up run by6defsz
wandb: setting up run axbarhpf
wandb: Tracking run with wandb version 0.22.3
wandb: Run data is saved locally in /network/scratch/b/baldelld/RL/CF-DQN/wandb/run-20251213_165613-snep6sk9
wandb: Run `wandb offline` to turn off syncing.
wandb: Syncing run AsterixNoFrameskip-v4__cf_dqn_freq32_max5_seed3__3__1765662966
wandb: ⭐️ View project at https://wandb.ai/sarath-chandar/CF-DQN-Asterix
wandb: 🚀 View run at https://wandb.ai/sarath-chandar/CF-DQN-Asterix/runs/snep6sk9
wandb: Tracking run with wandb version 0.22.3
wandb: Run data is saved locally in /network/scratch/b/baldelld/RL/CF-DQN/wandb/run-20251213_165613-hcbvp9kh
wandb: Run `wandb offline` to turn off syncing.
wandb: Syncing run AsterixNoFrameskip-v4__cf_dqn_freq64_max2_seed3__3__1765662966
wandb: ⭐️ View project at https://wandb.ai/sarath-chandar/CF-DQN-Asterix
wandb: 🚀 View run at https://wandb.ai/sarath-chandar/CF-DQN-Asterix/runs/hcbvp9kh
wandb: Tracking run with wandb version 0.22.3
wandb: Run data is saved locally in /network/scratch/b/baldelld/RL/CF-DQN/wandb/run-20251213_165613-by6defsz
wandb: Run `wandb offline` to turn off syncing.
wandb: Syncing run AsterixNoFrameskip-v4__cf_dqn_freq32_max2_seed3__3__1765662966
wandb: ⭐️ View project at https://wandb.ai/sarath-chandar/CF-DQN-Asterix
wandb: 🚀 View run at https://wandb.ai/sarath-chandar/CF-DQN-Asterix/runs/by6defsz
wandb: Tracking run with wandb version 0.22.3
wandb: Run data is saved locally in /network/scratch/b/baldelld/RL/CF-DQN/wandb/run-20251213_165613-axbarhpf
wandb: Run `wandb offline` to turn off syncing.
wandb: Syncing run AsterixNoFrameskip-v4__cf_dqn_freq64_max5_seed3__3__1765662966
wandb: ⭐️ View project at https://wandb.ai/sarath-chandar/CF-DQN-Asterix
wandb: 🚀 View run at https://wandb.ai/sarath-chandar/CF-DQN-Asterix/runs/axbarhpf
A.L.E: Arcade Learning Environment (version 0.8.1+53f58b7)
[Powered by Stella]
A.L.E: Arcade Learning Environment (version 0.8.1+53f58b7)
[Powered by Stella]
A.L.E: Arcade Learning Environment (version 0.8.1+53f58b7)
[Powered by Stella]
A.L.E: Arcade Learning Environment (version 0.8.1+53f58b7)
[Powered by Stella]
[2025-12-13T19:56:19.124] error: *** JOB 8292940 ON cn-g003 CANCELLED AT 2025-12-13T19:56:19 DUE TO TIME LIMIT ***
