[=== Module anaconda/3 loaded ===]
/network/scratch/b/baldelld/RL/venv/lib/python3.11/site-packages/tyro/_parsers.py:353: UserWarning: The field `wandb-entity` is annotated with type `<class 'str'>`, but the default value `None` has type `<class 'NoneType'>`. We'll try to handle this gracefully, but it may cause unexpected behavior.
  warnings.warn(message)
/network/scratch/b/baldelld/RL/venv/lib/python3.11/site-packages/tyro/_parsers.py:353: UserWarning: The field `wandb-entity` is annotated with type `<class 'str'>`, but the default value `None` has type `<class 'NoneType'>`. We'll try to handle this gracefully, but it may cause unexpected behavior.
  warnings.warn(message)
/network/scratch/b/baldelld/RL/venv/lib/python3.11/site-packages/tyro/_parsers.py:353: UserWarning: The field `wandb-entity` is annotated with type `<class 'str'>`, but the default value `None` has type `<class 'NoneType'>`. We'll try to handle this gracefully, but it may cause unexpected behavior.
  warnings.warn(message)
/network/scratch/b/baldelld/RL/venv/lib/python3.11/site-packages/tyro/_parsers.py:353: UserWarning: The field `wandb-entity` is annotated with type `<class 'str'>`, but the default value `None` has type `<class 'NoneType'>`. We'll try to handle this gracefully, but it may cause unexpected behavior.
  warnings.warn(message)
wandb: Currently logged in as: dundalia (sarath-chandar) to https://api.wandb.ai. Use `wandb login --relogin` to force relogin
wandb: Currently logged in as: dundalia (sarath-chandar) to https://api.wandb.ai. Use `wandb login --relogin` to force relogin
wandb: Currently logged in as: dundalia (sarath-chandar) to https://api.wandb.ai. Use `wandb login --relogin` to force relogin
wandb: Currently logged in as: dundalia (sarath-chandar) to https://api.wandb.ai. Use `wandb login --relogin` to force relogin
wandb: setting up run x68ffm4z
wandb: setting up run i1doiym6
wandb: setting up run il7dfw6j
wandb: Tracking run with wandb version 0.22.3
wandb: Run data is saved locally in /network/scratch/b/baldelld/RL/CF-DQN/wandb/run-20251214_075842-69rbsyh4
wandb: Run `wandb offline` to turn off syncing.
wandb: Syncing run QbertNoFrameskip-v4__cf_dqn_freq32_max2_seed2__2__1765717116
wandb: ⭐️ View project at https://wandb.ai/sarath-chandar/CF-DQN-Qbert
wandb: 🚀 View run at https://wandb.ai/sarath-chandar/CF-DQN-Qbert/runs/69rbsyh4
wandb: Tracking run with wandb version 0.22.3
wandb: Run data is saved locally in /network/scratch/b/baldelld/RL/CF-DQN/wandb/run-20251214_075842-i1doiym6
wandb: Run `wandb offline` to turn off syncing.
wandb: Syncing run QbertNoFrameskip-v4__cf_dqn_freq32_max5_seed2__2__1765717116
wandb: ⭐️ View project at https://wandb.ai/sarath-chandar/CF-DQN-Qbert
wandb: 🚀 View run at https://wandb.ai/sarath-chandar/CF-DQN-Qbert/runs/i1doiym6
wandb: Tracking run with wandb version 0.22.3
wandb: Run data is saved locally in /network/scratch/b/baldelld/RL/CF-DQN/wandb/run-20251214_075842-il7dfw6j
wandb: Run `wandb offline` to turn off syncing.
wandb: Syncing run QbertNoFrameskip-v4__cf_dqn_freq64_max5_seed2__2__1765717116
wandb: ⭐️ View project at https://wandb.ai/sarath-chandar/CF-DQN-Qbert
wandb: 🚀 View run at https://wandb.ai/sarath-chandar/CF-DQN-Qbert/runs/il7dfw6j
wandb: Tracking run with wandb version 0.22.3
wandb: Run data is saved locally in /network/scratch/b/baldelld/RL/CF-DQN/wandb/run-20251214_075842-x68ffm4z
wandb: Run `wandb offline` to turn off syncing.
wandb: Syncing run QbertNoFrameskip-v4__cf_dqn_freq64_max2_seed2__2__1765717116
wandb: ⭐️ View project at https://wandb.ai/sarath-chandar/CF-DQN-Qbert
wandb: 🚀 View run at https://wandb.ai/sarath-chandar/CF-DQN-Qbert/runs/x68ffm4z
A.L.E: Arcade Learning Environment (version 0.8.1+53f58b7)
[Powered by Stella]
A.L.E: Arcade Learning Environment (version 0.8.1+53f58b7)
[Powered by Stella]
A.L.E: Arcade Learning Environment (version 0.8.1+53f58b7)
[Powered by Stella]
A.L.E: Arcade Learning Environment (version 0.8.1+53f58b7)
[Powered by Stella]
[2025-12-14T10:58:54.114] error: *** JOB 8292945 ON cn-g003 CANCELLED AT 2025-12-14T10:58:54 DUE TO TIME LIMIT ***
