[=== Module anaconda/3 loaded ===]
/network/scratch/b/baldelld/RL/venv/lib/python3.11/site-packages/tyro/_parsers.py:353: UserWarning: The field `wandb-entity` is annotated with type `<class 'str'>`, but the default value `None` has type `<class 'NoneType'>`. We'll try to handle this gracefully, but it may cause unexpected behavior.
  warnings.warn(message)
/network/scratch/b/baldelld/RL/venv/lib/python3.11/site-packages/tyro/_parsers.py:353: UserWarning: The field `wandb-entity` is annotated with type `<class 'str'>`, but the default value `None` has type `<class 'NoneType'>`. We'll try to handle this gracefully, but it may cause unexpected behavior.
  warnings.warn(message)
/network/scratch/b/baldelld/RL/venv/lib/python3.11/site-packages/tyro/_parsers.py:353: UserWarning: The field `wandb-entity` is annotated with type `<class 'str'>`, but the default value `None` has type `<class 'NoneType'>`. We'll try to handle this gracefully, but it may cause unexpected behavior.
  warnings.warn(message)
/network/scratch/b/baldelld/RL/venv/lib/python3.11/site-packages/tyro/_parsers.py:353: UserWarning: The field `wandb-entity` is annotated with type `<class 'str'>`, but the default value `None` has type `<class 'NoneType'>`. We'll try to handle this gracefully, but it may cause unexpected behavior.
  warnings.warn(message)
wandb: Currently logged in as: dundalia (sarath-chandar) to https://api.wandb.ai. Use `wandb login --relogin` to force relogin
wandb: Currently logged in as: dundalia (sarath-chandar) to https://api.wandb.ai. Use `wandb login --relogin` to force relogin
wandb: Currently logged in as: dundalia (sarath-chandar) to https://api.wandb.ai. Use `wandb login --relogin` to force relogin
wandb: Currently logged in as: dundalia (sarath-chandar) to https://api.wandb.ai. Use `wandb login --relogin` to force relogin
wandb: setting up run s9uayxuj
wandb: setting up run p2vz5dua
wandb: setting up run 5fdz85dh
wandb: Tracking run with wandb version 0.22.3
wandb: Run data is saved locally in /network/scratch/b/baldelld/RL/CF-DQN/wandb/run-20251213_105505-hqyx41hk
wandb: Run `wandb offline` to turn off syncing.
wandb: Syncing run AsterixNoFrameskip-v4__cf_dqn_freq64_max5_seed1__1__1765641299
wandb: ⭐️ View project at https://wandb.ai/sarath-chandar/CF-DQN-Asterix
wandb: 🚀 View run at https://wandb.ai/sarath-chandar/CF-DQN-Asterix/runs/hqyx41hk
A.L.E: Arcade Learning Environment (version 0.8.1+53f58b7)
[Powered by Stella]
wandb: Tracking run with wandb version 0.22.3
wandb: Run data is saved locally in /network/scratch/b/baldelld/RL/CF-DQN/wandb/run-20251213_105505-p2vz5dua
wandb: Run `wandb offline` to turn off syncing.
wandb: Syncing run AsterixNoFrameskip-v4__cf_dqn_freq32_max5_seed1__1__1765641299
wandb: ⭐️ View project at https://wandb.ai/sarath-chandar/CF-DQN-Asterix
wandb: 🚀 View run at https://wandb.ai/sarath-chandar/CF-DQN-Asterix/runs/p2vz5dua
wandb: Tracking run with wandb version 0.22.3
wandb: Run data is saved locally in /network/scratch/b/baldelld/RL/CF-DQN/wandb/run-20251213_105505-5fdz85dh
wandb: Run `wandb offline` to turn off syncing.
wandb: Syncing run AsterixNoFrameskip-v4__cf_dqn_freq32_max2_seed1__1__1765641299
wandb: ⭐️ View project at https://wandb.ai/sarath-chandar/CF-DQN-Asterix
wandb: 🚀 View run at https://wandb.ai/sarath-chandar/CF-DQN-Asterix/runs/5fdz85dh
wandb: Tracking run with wandb version 0.22.3
wandb: Run data is saved locally in /network/scratch/b/baldelld/RL/CF-DQN/wandb/run-20251213_105505-s9uayxuj
wandb: Run `wandb offline` to turn off syncing.
wandb: Syncing run AsterixNoFrameskip-v4__cf_dqn_freq64_max2_seed1__1__1765641299
wandb: ⭐️ View project at https://wandb.ai/sarath-chandar/CF-DQN-Asterix
wandb: 🚀 View run at https://wandb.ai/sarath-chandar/CF-DQN-Asterix/runs/s9uayxuj
A.L.E: Arcade Learning Environment (version 0.8.1+53f58b7)
[Powered by Stella]
wandb: 409 encountered ({"errors":[{"message":"project may already be created, please retry","path":["upsertBucket"]}],"data":{"upsertBucket":null}}), retrying request
A.L.E: Arcade Learning Environment (version 0.8.1+53f58b7)
[Powered by Stella]
wandb: 409 encountered ({"errors":[{"message":"project may already be created, please retry","path":["upsertBucket"]}],"data":{"upsertBucket":null}}), retrying request
wandb: 409 encountered ({"errors":[{"message":"project may already be created, please retry","path":["upsertBucket"]}],"data":{"upsertBucket":null}}), retrying request
A.L.E: Arcade Learning Environment (version 0.8.1+53f58b7)
[Powered by Stella]
[2025-12-13T13:55:17.092] error: *** JOB 8292938 ON cn-g003 CANCELLED AT 2025-12-13T13:55:17 DUE TO TIME LIMIT ***
