[=== Module anaconda/3 loaded ===]
/network/scratch/b/baldelld/RL/venv/lib/python3.11/site-packages/tyro/_parsers.py:353: UserWarning: The field `wandb-entity` is annotated with type `<class 'str'>`, but the default value `None` has type `<class 'NoneType'>`. We'll try to handle this gracefully, but it may cause unexpected behavior.
  warnings.warn(message)
/network/scratch/b/baldelld/RL/venv/lib/python3.11/site-packages/tyro/_parsers.py:353: UserWarning: The field `wandb-entity` is annotated with type `<class 'str'>`, but the default value `None` has type `<class 'NoneType'>`. We'll try to handle this gracefully, but it may cause unexpected behavior.
  warnings.warn(message)
/network/scratch/b/baldelld/RL/venv/lib/python3.11/site-packages/tyro/_parsers.py:353: UserWarning: The field `wandb-entity` is annotated with type `<class 'str'>`, but the default value `None` has type `<class 'NoneType'>`. We'll try to handle this gracefully, but it may cause unexpected behavior.
  warnings.warn(message)
/network/scratch/b/baldelld/RL/venv/lib/python3.11/site-packages/tyro/_parsers.py:353: UserWarning: The field `wandb-entity` is annotated with type `<class 'str'>`, but the default value `None` has type `<class 'NoneType'>`. We'll try to handle this gracefully, but it may cause unexpected behavior.
  warnings.warn(message)
wandb: Currently logged in as: dundalia (sarath-chandar) to https://api.wandb.ai. Use `wandb login --relogin` to force relogin
wandb: Currently logged in as: dundalia (sarath-chandar) to https://api.wandb.ai. Use `wandb login --relogin` to force relogin
wandb: Currently logged in as: dundalia (sarath-chandar) to https://api.wandb.ai. Use `wandb login --relogin` to force relogin
wandb: Currently logged in as: dundalia (sarath-chandar) to https://api.wandb.ai. Use `wandb login --relogin` to force relogin
wandb: setting up run yruc484q
wandb: setting up run iadejpez
wandb: setting up run y2z8mp1v
wandb: Tracking run with wandb version 0.22.3
wandb: Run data is saved locally in /network/scratch/b/baldelld/RL/CF-DQN/wandb/run-20251213_015333-4zd5geb5
wandb: Run `wandb offline` to turn off syncing.
wandb: Syncing run BreakoutNoFrameskip-v4__cf_dqn_freq64_max5_seed1__1__1765608807
wandb: ⭐️ View project at https://wandb.ai/sarath-chandar/CF-DQN-Breakout
wandb: 🚀 View run at https://wandb.ai/sarath-chandar/CF-DQN-Breakout/runs/4zd5geb5
A.L.E: Arcade Learning Environment (version 0.8.1+53f58b7)
[Powered by Stella]
wandb: Tracking run with wandb version 0.22.3
wandb: Run data is saved locally in /network/scratch/b/baldelld/RL/CF-DQN/wandb/run-20251213_015333-iadejpez
wandb: Run `wandb offline` to turn off syncing.
wandb: Syncing run BreakoutNoFrameskip-v4__cf_dqn_freq32_max2_seed1__1__1765608807
wandb: ⭐️ View project at https://wandb.ai/sarath-chandar/CF-DQN-Breakout
wandb: 🚀 View run at https://wandb.ai/sarath-chandar/CF-DQN-Breakout/runs/iadejpez
wandb: Tracking run with wandb version 0.22.3
wandb: Run data is saved locally in /network/scratch/b/baldelld/RL/CF-DQN/wandb/run-20251213_015333-yruc484q
wandb: Run `wandb offline` to turn off syncing.
wandb: Syncing run BreakoutNoFrameskip-v4__cf_dqn_freq32_max5_seed1__1__1765608807
wandb: ⭐️ View project at https://wandb.ai/sarath-chandar/CF-DQN-Breakout
wandb: 🚀 View run at https://wandb.ai/sarath-chandar/CF-DQN-Breakout/runs/yruc484q
wandb: Tracking run with wandb version 0.22.3
wandb: Run data is saved locally in /network/scratch/b/baldelld/RL/CF-DQN/wandb/run-20251213_015333-y2z8mp1v
wandb: Run `wandb offline` to turn off syncing.
wandb: Syncing run BreakoutNoFrameskip-v4__cf_dqn_freq64_max2_seed1__1__1765608807
wandb: ⭐️ View project at https://wandb.ai/sarath-chandar/CF-DQN-Breakout
wandb: 🚀 View run at https://wandb.ai/sarath-chandar/CF-DQN-Breakout/runs/y2z8mp1v
A.L.E: Arcade Learning Environment (version 0.8.1+53f58b7)
[Powered by Stella]
wandb: 409 encountered ({"errors":[{"message":"project may already be created, please retry","path":["upsertBucket"]}],"data":{"upsertBucket":null}}), retrying request
A.L.E: Arcade Learning Environment (version 0.8.1+53f58b7)
[Powered by Stella]
A.L.E: Arcade Learning Environment (version 0.8.1+53f58b7)
[Powered by Stella]
wandb: 409 encountered ({"errors":[{"message":"project may already be created, please retry","path":["upsertBucket"]}],"data":{"upsertBucket":null}}), retrying request
wandb: 409 encountered ({"errors":[{"message":"project may already be created, please retry","path":["upsertBucket"]}],"data":{"upsertBucket":null}}), retrying request
[2025-12-13T04:53:47.107] error: *** JOB 8292935 ON cn-g003 CANCELLED AT 2025-12-13T04:53:47 DUE TO TIME LIMIT ***
