[=== Module anaconda/3 loaded ===]
/network/scratch/b/baldelld/RL/venv/lib/python3.11/site-packages/tyro/_parsers.py:353: UserWarning: The field `wandb-entity` is annotated with type `<class 'str'>`, but the default value `None` has type `<class 'NoneType'>`. We'll try to handle this gracefully, but it may cause unexpected behavior.
  warnings.warn(message)
/network/scratch/b/baldelld/RL/venv/lib/python3.11/site-packages/tyro/_parsers.py:353: UserWarning: The field `wandb-entity` is annotated with type `<class 'str'>`, but the default value `None` has type `<class 'NoneType'>`. We'll try to handle this gracefully, but it may cause unexpected behavior.
  warnings.warn(message)
/network/scratch/b/baldelld/RL/venv/lib/python3.11/site-packages/tyro/_parsers.py:353: UserWarning: The field `wandb-entity` is annotated with type `<class 'str'>`, but the default value `None` has type `<class 'NoneType'>`. We'll try to handle this gracefully, but it may cause unexpected behavior.
  warnings.warn(message)
/network/scratch/b/baldelld/RL/venv/lib/python3.11/site-packages/tyro/_parsers.py:353: UserWarning: The field `wandb-entity` is annotated with type `<class 'str'>`, but the default value `None` has type `<class 'NoneType'>`. We'll try to handle this gracefully, but it may cause unexpected behavior.
  warnings.warn(message)
wandb: Currently logged in as: dundalia (sarath-chandar) to https://api.wandb.ai. Use `wandb login --relogin` to force relogin
wandb: Currently logged in as: dundalia (sarath-chandar) to https://api.wandb.ai. Use `wandb login --relogin` to force relogin
wandb: Currently logged in as: dundalia (sarath-chandar) to https://api.wandb.ai. Use `wandb login --relogin` to force relogin
wandb: Currently logged in as: dundalia (sarath-chandar) to https://api.wandb.ai. Use `wandb login --relogin` to force relogin
wandb: setting up run afdfi1ex
wandb: setting up run sd7qyfh8
wandb: setting up run wcyymnio
wandb: Tracking run with wandb version 0.22.3
wandb: Run data is saved locally in /network/scratch/b/baldelld/RL/CF-DQN/wandb/run-20251213_075435-k91f6g0y
wandb: Run `wandb offline` to turn off syncing.
wandb: Syncing run BreakoutNoFrameskip-v4__cf_dqn_freq64_max2_seed3__3__1765630469
wandb: ⭐️ View project at https://wandb.ai/sarath-chandar/CF-DQN-Breakout
wandb: 🚀 View run at https://wandb.ai/sarath-chandar/CF-DQN-Breakout/runs/k91f6g0y
wandb: Tracking run with wandb version 0.22.3
wandb: Run data is saved locally in /network/scratch/b/baldelld/RL/CF-DQN/wandb/run-20251213_075435-afdfi1ex
wandb: Run `wandb offline` to turn off syncing.
wandb: Syncing run BreakoutNoFrameskip-v4__cf_dqn_freq64_max5_seed3__3__1765630469
wandb: ⭐️ View project at https://wandb.ai/sarath-chandar/CF-DQN-Breakout
wandb: 🚀 View run at https://wandb.ai/sarath-chandar/CF-DQN-Breakout/runs/afdfi1ex
wandb: Tracking run with wandb version 0.22.3
wandb: Run data is saved locally in /network/scratch/b/baldelld/RL/CF-DQN/wandb/run-20251213_075435-wcyymnio
wandb: Run `wandb offline` to turn off syncing.
wandb: Syncing run BreakoutNoFrameskip-v4__cf_dqn_freq32_max2_seed3__3__1765630469
wandb: ⭐️ View project at https://wandb.ai/sarath-chandar/CF-DQN-Breakout
wandb: 🚀 View run at https://wandb.ai/sarath-chandar/CF-DQN-Breakout/runs/wcyymnio
wandb: Tracking run with wandb version 0.22.3
wandb: Run data is saved locally in /network/scratch/b/baldelld/RL/CF-DQN/wandb/run-20251213_075435-sd7qyfh8
wandb: Run `wandb offline` to turn off syncing.
wandb: Syncing run BreakoutNoFrameskip-v4__cf_dqn_freq32_max5_seed3__3__1765630469
wandb: ⭐️ View project at https://wandb.ai/sarath-chandar/CF-DQN-Breakout
wandb: 🚀 View run at https://wandb.ai/sarath-chandar/CF-DQN-Breakout/runs/sd7qyfh8
A.L.E: Arcade Learning Environment (version 0.8.1+53f58b7)
[Powered by Stella]
A.L.E: Arcade Learning Environment (version 0.8.1+53f58b7)
[Powered by Stella]
A.L.E: Arcade Learning Environment (version 0.8.1+53f58b7)
[Powered by Stella]
A.L.E: Arcade Learning Environment (version 0.8.1+53f58b7)
[Powered by Stella]
[2025-12-13T10:54:46.099] error: *** JOB 8292937 ON cn-g003 CANCELLED AT 2025-12-13T10:54:46 DUE TO TIME LIMIT ***
